Analysis & Elaboration report for waveform_generator
Sun Apr 13 15:03:27 2025
Quartus Prime Version 21.1.0 Build 842 10/21/2021 SJ Lite Edition


---------------------
; Table of Contents ;
---------------------
  1. Legal Notice
  2. Analysis & Elaboration Summary
  3. Parallel Compilation
  4. Parameter Settings for User Entity Instance: fir:fir_filter
  5. Analysis & Elaboration Settings
  6. Port Connectivity Checks: "control:control_unit"
  7. Port Connectivity Checks: "i2s_transmitter:i2s_tx"
  8. Port Connectivity Checks: "wm8731_config:codec_config|i2c_master:i2c_inst"
  9. Port Connectivity Checks: "wm8731_config:codec_config"
 10. Analysis & Elaboration Messages
 11. Analysis & Elaboration Suppressed Messages



----------------
; Legal Notice ;
----------------
Copyright (C) 2021  Intel Corporation. All rights reserved.
Your use of Intel Corporation's design tools, logic functions 
and other software and tools, and any partner logic 
functions, and any output files from any of the foregoing 
(including device programming or simulation files), and any 
associated documentation or information are expressly subject 
to the terms and conditions of the Intel Program License 
Subscription Agreement, the Intel Quartus Prime License Agreement,
the Intel FPGA IP License Agreement, or other applicable license
agreement, including, without limitation, that your use is for
the sole purpose of programming logic devices manufactured by
Intel and sold by Intel or its authorized distributors.  Please
refer to the applicable agreement for further details, at
https://fpgasoftware.intel.com/eula.



+-----------------------------------------------------------------------------+
; Analysis & Elaboration Summary                                              ;
+-------------------------------+---------------------------------------------+
; Analysis & Elaboration Status ; Successful - Sun Apr 13 15:03:27 2025       ;
; Quartus Prime Version         ; 21.1.0 Build 842 10/21/2021 SJ Lite Edition ;
; Revision Name                 ; waveform_generator                          ;
; Top-level Entity Name         ; waveform_generator                          ;
; Family                        ; Cyclone V                                   ;
; Logic utilization (in ALMs)   ; N/A until Partition Merge                   ;
; Total registers               ; N/A until Partition Merge                   ;
; Total pins                    ; N/A until Partition Merge                   ;
; Total virtual pins            ; N/A until Partition Merge                   ;
; Total block memory bits       ; N/A until Partition Merge                   ;
; Total PLLs                    ; N/A until Partition Merge                   ;
; Total DLLs                    ; N/A until Partition Merge                   ;
+-------------------------------+---------------------------------------------+


+------------------------------------------+
; Parallel Compilation                     ;
+----------------------------+-------------+
; Processors                 ; Number      ;
+----------------------------+-------------+
; Number detected on machine ; 8           ;
; Maximum allowed            ; 4           ;
;                            ;             ;
; Average used               ; 1.00        ;
; Maximum used               ; 1           ;
;                            ;             ;
; Usage by Processor         ; % Time Used ;
;     Processor 1            ; 100.0%      ;
+----------------------------+-------------+


+-------------------------------------------------------------+
; Parameter Settings for User Entity Instance: fir:fir_filter ;
+----------------+-------+------------------------------------+
; Parameter Name ; Value ; Type                               ;
+----------------+-------+------------------------------------+
; TAP_NUM        ; 15    ; Signed Integer                     ;
+----------------+-------+------------------------------------+
Note: In order to hide this table in the UI and the text report file, please set the "Show Parameter Settings in Synthesis Report" option in "Analysis and Synthesis Settings -> More Settings" to "Off".


+---------------------------------------------------------------------------------------------------------------------------+
; Analysis & Elaboration Settings                                                                                           ;
+---------------------------------------------------------------------------------+--------------------+--------------------+
; Option                                                                          ; Setting            ; Default Value      ;
+---------------------------------------------------------------------------------+--------------------+--------------------+
; Device                                                                          ; 5CSXFC6D6F31C6     ;                    ;
; Top-level entity name                                                           ; waveform_generator ; waveform_generator ;
; Family name                                                                     ; Cyclone V          ; Cyclone V          ;
; Use smart compilation                                                           ; Off                ; Off                ;
; Enable parallel Assembler and Timing Analyzer during compilation                ; On                 ; On                 ;
; Enable compact report table                                                     ; Off                ; Off                ;
; Restructure Multiplexers                                                        ; Auto               ; Auto               ;
; MLAB Add Timing Constraints For Mixed-Port Feed-Through Mode Setting Don't Care ; Off                ; Off                ;
; Create Debugging Nodes for IP Cores                                             ; Off                ; Off                ;
; Preserve fewer node names                                                       ; On                 ; On                 ;
; Intel FPGA IP Evaluation Mode                                                   ; Enable             ; Enable             ;
; Verilog Version                                                                 ; Verilog_2001       ; Verilog_2001       ;
; VHDL Version                                                                    ; VHDL_1993          ; VHDL_1993          ;
; State Machine Processing                                                        ; Auto               ; Auto               ;
; Safe State Machine                                                              ; Off                ; Off                ;
; Extract Verilog State Machines                                                  ; On                 ; On                 ;
; Extract VHDL State Machines                                                     ; On                 ; On                 ;
; Ignore Verilog initial constructs                                               ; Off                ; Off                ;
; Iteration limit for constant Verilog loops                                      ; 5000               ; 5000               ;
; Iteration limit for non-constant Verilog loops                                  ; 250                ; 250                ;
; Add Pass-Through Logic to Inferred RAMs                                         ; On                 ; On                 ;
; Infer RAMs from Raw Logic                                                       ; On                 ; On                 ;
; Parallel Synthesis                                                              ; On                 ; On                 ;
; DSP Block Balancing                                                             ; Auto               ; Auto               ;
; NOT Gate Push-Back                                                              ; On                 ; On                 ;
; Power-Up Don't Care                                                             ; On                 ; On                 ;
; Remove Redundant Logic Cells                                                    ; Off                ; Off                ;
; Remove Duplicate Registers                                                      ; On                 ; On                 ;
; Ignore CARRY Buffers                                                            ; Off                ; Off                ;
; Ignore CASCADE Buffers                                                          ; Off                ; Off                ;
; Ignore GLOBAL Buffers                                                           ; Off                ; Off                ;
; Ignore ROW GLOBAL Buffers                                                       ; Off                ; Off                ;
; Ignore LCELL Buffers                                                            ; Off                ; Off                ;
; Ignore SOFT Buffers                                                             ; On                 ; On                 ;
; Limit AHDL Integers to 32 Bits                                                  ; Off                ; Off                ;
; Optimization Technique                                                          ; Balanced           ; Balanced           ;
; Carry Chain Length                                                              ; 70                 ; 70                 ;
; Auto Carry Chains                                                               ; On                 ; On                 ;
; Auto Open-Drain Pins                                                            ; On                 ; On                 ;
; Perform WYSIWYG Primitive Resynthesis                                           ; Off                ; Off                ;
; Auto ROM Replacement                                                            ; On                 ; On                 ;
; Auto RAM Replacement                                                            ; On                 ; On                 ;
; Auto DSP Block Replacement                                                      ; On                 ; On                 ;
; Auto Shift Register Replacement                                                 ; Auto               ; Auto               ;
; Allow Shift Register Merging across Hierarchies                                 ; Auto               ; Auto               ;
; Auto Clock Enable Replacement                                                   ; On                 ; On                 ;
; Strict RAM Replacement                                                          ; Off                ; Off                ;
; Allow Synchronous Control Signals                                               ; On                 ; On                 ;
; Force Use of Synchronous Clear Signals                                          ; Off                ; Off                ;
; Auto Resource Sharing                                                           ; Off                ; Off                ;
; Allow Any RAM Size For Recognition                                              ; Off                ; Off                ;
; Allow Any ROM Size For Recognition                                              ; Off                ; Off                ;
; Allow Any Shift Register Size For Recognition                                   ; Off                ; Off                ;
; Use LogicLock Constraints during Resource Balancing                             ; On                 ; On                 ;
; Ignore translate_off and synthesis_off directives                               ; Off                ; Off                ;
; Timing-Driven Synthesis                                                         ; On                 ; On                 ;
; Report Parameter Settings                                                       ; On                 ; On                 ;
; Report Source Assignments                                                       ; On                 ; On                 ;
; Report Connectivity Checks                                                      ; On                 ; On                 ;
; Ignore Maximum Fan-Out Assignments                                              ; Off                ; Off                ;
; Synchronization Register Chain Length                                           ; 3                  ; 3                  ;
; Power Optimization During Synthesis                                             ; Normal compilation ; Normal compilation ;
; HDL message level                                                               ; Level2             ; Level2             ;
; Suppress Register Optimization Related Messages                                 ; Off                ; Off                ;
; Number of Removed Registers Reported in Synthesis Report                        ; 5000               ; 5000               ;
; Number of Swept Nodes Reported in Synthesis Report                              ; 5000               ; 5000               ;
; Number of Inverted Registers Reported in Synthesis Report                       ; 100                ; 100                ;
; Clock MUX Protection                                                            ; On                 ; On                 ;
; Auto Gated Clock Conversion                                                     ; Off                ; Off                ;
; Block Design Naming                                                             ; Auto               ; Auto               ;
; SDC constraint protection                                                       ; Off                ; Off                ;
; Synthesis Effort                                                                ; Auto               ; Auto               ;
; Shift Register Replacement - Allow Asynchronous Clear Signal                    ; On                 ; On                 ;
; Pre-Mapping Resynthesis Optimization                                            ; Off                ; Off                ;
; Analysis & Synthesis Message Level                                              ; Medium             ; Medium             ;
; Disable Register Merging Across Hierarchies                                     ; Auto               ; Auto               ;
; Resource Aware Inference For Block RAM                                          ; On                 ; On                 ;
; Automatic Parallel Synthesis                                                    ; On                 ; On                 ;
; Partial Reconfiguration Bitstream ID                                            ; Off                ; Off                ;
+---------------------------------------------------------------------------------+--------------------+--------------------+


+---------------------------------------------------------------------------------------------------------------------+
; Port Connectivity Checks: "control:control_unit"                                                                    ;
+-----------+--------+----------+-------------------------------------------------------------------------------------+
; Port      ; Type   ; Severity ; Details                                                                             ;
+-----------+--------+----------+-------------------------------------------------------------------------------------+
; amplitude ; Output ; Info     ; Connected to dangling logic. Logic that only feeds a dangling port will be removed. ;
+-----------+--------+----------+-------------------------------------------------------------------------------------+


+--------------------------------------------------------------------------------------------------------------------------------------------------------------------------------------+
; Port Connectivity Checks: "i2s_transmitter:i2s_tx"                                                                                                                                   ;
+------------+-------+----------+------------------------------------------------------------------------------------------------------------------------------------------------------+
; Port       ; Type  ; Severity ; Details                                                                                                                                              ;
+------------+-------+----------+------------------------------------------------------------------------------------------------------------------------------------------------------+
; audio_data ; Input ; Warning  ; Input port expression (1 bits) is smaller than the input port (24 bits) it drives.  Extra input bit(s) "audio_data[23..1]" will be connected to GND. ;
+------------+-------+----------+------------------------------------------------------------------------------------------------------------------------------------------------------+


+----------------------------------------------------------------------------+
; Port Connectivity Checks: "wm8731_config:codec_config|i2c_master:i2c_inst" ;
+----------------+-------+----------+----------------------------------------+
; Port           ; Type  ; Severity ; Details                                ;
+----------------+-------+----------+----------------------------------------+
; dev_addr[5..4] ; Input ; Info     ; Stuck at VCC                           ;
; dev_addr[1..0] ; Input ; Info     ; Stuck at GND                           ;
; dev_addr[6]    ; Input ; Info     ; Stuck at GND                           ;
; dev_addr[3]    ; Input ; Info     ; Stuck at GND                           ;
; dev_addr[2]    ; Input ; Info     ; Stuck at VCC                           ;
+----------------+-------+----------+----------------------------------------+


+-------------------------------------------------------------------------------------------------------------------------------------------------------------------------------------------+
; Port Connectivity Checks: "wm8731_config:codec_config"                                                                                                                                    ;
+--------------+--------+----------+--------------------------------------------------------------------------------------------------------------------------------------------------------+
; Port         ; Type   ; Severity ; Details                                                                                                                                                ;
+--------------+--------+----------+--------------------------------------------------------------------------------------------------------------------------------------------------------+
; config_done  ; Output ; Info     ; Connected to dangling logic. Logic that only feeds a dangling port will be removed.                                                                    ;
; waveform_out ; Input  ; Warning  ; Input port expression (1 bits) is smaller than the input port (24 bits) it drives.  Extra input bit(s) "waveform_out[23..1]" will be connected to GND. ;
+--------------+--------+----------+--------------------------------------------------------------------------------------------------------------------------------------------------------+


+---------------------------------+
; Analysis & Elaboration Messages ;
+---------------------------------+
Info: *******************************************************************
Info: Running Quartus Prime Analysis & Elaboration
    Info: Version 21.1.0 Build 842 10/21/2021 SJ Lite Edition
    Info: Processing started: Sun Apr 13 15:03:17 2025
Info: Command: quartus_map --read_settings_files=on --write_settings_files=off waveform_generator -c waveform_generator --analysis_and_elaboration
Warning (18236): Number of processors has not been specified which may cause overloading on shared machines.  Set the global assignment NUM_PARALLEL_PROCESSORS in your QSF to an appropriate value for best performance.
Info (20030): Parallel compilation is enabled and will use 4 of the 4 processors detected
Info (12021): Found 1 design units, including 1 entities, in source file wm8731_config.v
    Info (12023): Found entity 1: wm8731_config File: D:/k242/Fgpa/fpga1.1/Fpga-main/Fpga-main/wm8731_config.v Line: 1
Info (12021): Found 1 design units, including 1 entities, in source file noise.v
    Info (12023): Found entity 1: lfsr_updown File: D:/k242/Fgpa/fpga1.1/Fpga-main/Fpga-main/noise.v Line: 1
Info (12021): Found 1 design units, including 1 entities, in source file i2s_transmitter.v
    Info (12023): Found entity 1: i2s_transmitter File: D:/k242/Fgpa/fpga1.1/Fpga-main/Fpga-main/i2s_transmitter.v Line: 2
Info (12021): Found 1 design units, including 1 entities, in source file i2c_master.v
    Info (12023): Found entity 1: i2c_master File: D:/k242/Fgpa/fpga1.1/Fpga-main/Fpga-main/i2c_master.v Line: 1
Info (12021): Found 1 design units, including 1 entities, in source file clock_generator.v
    Info (12023): Found entity 1: clock_generator File: D:/k242/Fgpa/fpga1.1/Fpga-main/Fpga-main/clock_generator.v Line: 1
Info (12021): Found 1 design units, including 1 entities, in source file waveform_generator.v
    Info (12023): Found entity 1: waveform_generator File: D:/k242/Fgpa/fpga1.1/Fpga-main/Fpga-main/waveform_generator.v Line: 1
Info (12021): Found 1 design units, including 1 entities, in source file sine_wave_gen.v
    Info (12023): Found entity 1: sine_wave_gen File: D:/k242/Fgpa/fpga1.1/Fpga-main/Fpga-main/sine_wave_gen.v Line: 1
Info (12021): Found 1 design units, including 1 entities, in source file square_wave_gen.v
    Info (12023): Found entity 1: square_wave_gen File: D:/k242/Fgpa/fpga1.1/Fpga-main/Fpga-main/square_wave_gen.v Line: 1
Info (12021): Found 1 design units, including 1 entities, in source file triangle_wave_gen.v
    Info (12023): Found entity 1: triangle_wave_gen File: D:/k242/Fgpa/fpga1.1/Fpga-main/Fpga-main/triangle_wave_gen.v Line: 1
Info (12021): Found 1 design units, including 1 entities, in source file ecg_wave_gen.v
    Info (12023): Found entity 1: ecg_wave_gen File: D:/k242/Fgpa/fpga1.1/Fpga-main/Fpga-main/ecg_wave_gen.v Line: 1
Info (12021): Found 1 design units, including 1 entities, in source file control.v
    Info (12023): Found entity 1: control File: D:/k242/Fgpa/fpga1.1/Fpga-main/Fpga-main/control.v Line: 1
Info (12021): Found 1 design units, including 1 entities, in source file noise_injection.v
    Info (12023): Found entity 1: noise_injection File: D:/k242/Fgpa/fpga1.1/Fpga-main/Fpga-main/noise_injection.v Line: 1
Info (12021): Found 1 design units, including 1 entities, in source file waveform_generator_tbn01.v
    Info (12023): Found entity 1: waveform_generator_tbn01 File: D:/k242/Fgpa/fpga1.1/Fpga-main/Fpga-main/waveform_generator_tbn01.v Line: 3
Info (12021): Found 1 design units, including 1 entities, in source file sawtooth_wave_gen.v
    Info (12023): Found entity 1: sawtooth_wave_gen File: D:/k242/Fgpa/fpga1.1/Fpga-main/Fpga-main/sawtooth_wave_gen.v Line: 1
Info (12021): Found 1 design units, including 1 entities, in source file phase_accumulator.v
    Info (12023): Found entity 1: phase_accumulator File: D:/k242/Fgpa/fpga1.1/Fpga-main/Fpga-main/phase_accumulator.v Line: 1
Info (12021): Found 1 design units, including 1 entities, in source file fir.v
    Info (12023): Found entity 1: fir File: D:/k242/Fgpa/fpga1.1/Fpga-main/Fpga-main/fir.v Line: 1
Info (12021): Found 1 design units, including 1 entities, in source file fir_filter.v
    Info (12023): Found entity 1: fir_filter File: D:/k242/Fgpa/fpga1.1/Fpga-main/Fpga-main/fir_filter.v Line: 139
Warning (10236): Verilog HDL Implicit Net warning at waveform_generator.v(59): created implicit net for "audio_data" File: D:/k242/Fgpa/fpga1.1/Fpga-main/Fpga-main/waveform_generator.v Line: 59
Info (12127): Elaborating entity "waveform_generator" for the top level hierarchy
Info (12128): Elaborating entity "fir" for hierarchy "fir:fir_filter" File: D:/k242/Fgpa/fpga1.1/Fpga-main/Fpga-main/waveform_generator.v Line: 34
Warning (10230): Verilog HDL assignment warning at fir.v(43): truncated value with size 32 to match size of target (4) File: D:/k242/Fgpa/fpga1.1/Fpga-main/Fpga-main/fir.v Line: 43
Warning (10230): Verilog HDL assignment warning at fir.v(79): truncated value with size 40 to match size of target (24) File: D:/k242/Fgpa/fpga1.1/Fpga-main/Fpga-main/fir.v Line: 79
Info (12128): Elaborating entity "phase_accumulator" for hierarchy "phase_accumulator:phase_gen" File: D:/k242/Fgpa/fpga1.1/Fpga-main/Fpga-main/waveform_generator.v Line: 40
Info (12128): Elaborating entity "clock_generator" for hierarchy "clock_generator:clk_gen" File: D:/k242/Fgpa/fpga1.1/Fpga-main/Fpga-main/waveform_generator.v Line: 50
Warning (10230): Verilog HDL assignment warning at clock_generator.v(19): truncated value with size 32 to match size of target (8) File: D:/k242/Fgpa/fpga1.1/Fpga-main/Fpga-main/clock_generator.v Line: 19
Warning (10230): Verilog HDL assignment warning at clock_generator.v(26): truncated value with size 32 to match size of target (11) File: D:/k242/Fgpa/fpga1.1/Fpga-main/Fpga-main/clock_generator.v Line: 26
Info (12128): Elaborating entity "wm8731_config" for hierarchy "wm8731_config:codec_config" File: D:/k242/Fgpa/fpga1.1/Fpga-main/Fpga-main/waveform_generator.v Line: 60
Warning (10230): Verilog HDL assignment warning at wm8731_config.v(26): truncated value with size 17 to match size of target (16) File: D:/k242/Fgpa/fpga1.1/Fpga-main/Fpga-main/wm8731_config.v Line: 26
Warning (10230): Verilog HDL assignment warning at wm8731_config.v(27): truncated value with size 17 to match size of target (16) File: D:/k242/Fgpa/fpga1.1/Fpga-main/Fpga-main/wm8731_config.v Line: 27
Warning (10230): Verilog HDL assignment warning at wm8731_config.v(28): truncated value with size 17 to match size of target (16) File: D:/k242/Fgpa/fpga1.1/Fpga-main/Fpga-main/wm8731_config.v Line: 28
Warning (10230): Verilog HDL assignment warning at wm8731_config.v(29): truncated value with size 17 to match size of target (16) File: D:/k242/Fgpa/fpga1.1/Fpga-main/Fpga-main/wm8731_config.v Line: 29
Warning (10230): Verilog HDL assignment warning at wm8731_config.v(30): truncated value with size 17 to match size of target (16) File: D:/k242/Fgpa/fpga1.1/Fpga-main/Fpga-main/wm8731_config.v Line: 30
Warning (10230): Verilog HDL assignment warning at wm8731_config.v(31): truncated value with size 17 to match size of target (16) File: D:/k242/Fgpa/fpga1.1/Fpga-main/Fpga-main/wm8731_config.v Line: 31
Warning (10230): Verilog HDL assignment warning at wm8731_config.v(32): truncated value with size 17 to match size of target (16) File: D:/k242/Fgpa/fpga1.1/Fpga-main/Fpga-main/wm8731_config.v Line: 32
Warning (10230): Verilog HDL assignment warning at wm8731_config.v(33): truncated value with size 17 to match size of target (16) File: D:/k242/Fgpa/fpga1.1/Fpga-main/Fpga-main/wm8731_config.v Line: 33
Warning (10230): Verilog HDL assignment warning at wm8731_config.v(34): truncated value with size 17 to match size of target (16) File: D:/k242/Fgpa/fpga1.1/Fpga-main/Fpga-main/wm8731_config.v Line: 34
Warning (10855): Verilog HDL warning at wm8731_config.v(25): initial value for variable config_data should be constant File: D:/k242/Fgpa/fpga1.1/Fpga-main/Fpga-main/wm8731_config.v Line: 25
Warning (10230): Verilog HDL assignment warning at wm8731_config.v(66): truncated value with size 32 to match size of target (4) File: D:/k242/Fgpa/fpga1.1/Fpga-main/Fpga-main/wm8731_config.v Line: 66
Warning (10030): Net "config_data[0][15..8]" at wm8731_config.v(24) has no driver or initial value, using a default initial value '0' File: D:/k242/Fgpa/fpga1.1/Fpga-main/Fpga-main/wm8731_config.v Line: 24
Warning (10030): Net "config_data[1][15..8]" at wm8731_config.v(24) has no driver or initial value, using a default initial value '0' File: D:/k242/Fgpa/fpga1.1/Fpga-main/Fpga-main/wm8731_config.v Line: 24
Warning (10030): Net "config_data[2][15..8]" at wm8731_config.v(24) has no driver or initial value, using a default initial value '0' File: D:/k242/Fgpa/fpga1.1/Fpga-main/Fpga-main/wm8731_config.v Line: 24
Warning (10030): Net "config_data[3][15..8]" at wm8731_config.v(24) has no driver or initial value, using a default initial value '0' File: D:/k242/Fgpa/fpga1.1/Fpga-main/Fpga-main/wm8731_config.v Line: 24
Warning (10030): Net "config_data[4][15..8]" at wm8731_config.v(24) has no driver or initial value, using a default initial value '0' File: D:/k242/Fgpa/fpga1.1/Fpga-main/Fpga-main/wm8731_config.v Line: 24
Warning (10030): Net "config_data[5][15..8]" at wm8731_config.v(24) has no driver or initial value, using a default initial value '0' File: D:/k242/Fgpa/fpga1.1/Fpga-main/Fpga-main/wm8731_config.v Line: 24
Warning (10030): Net "config_data[6][15..8]" at wm8731_config.v(24) has no driver or initial value, using a default initial value '0' File: D:/k242/Fgpa/fpga1.1/Fpga-main/Fpga-main/wm8731_config.v Line: 24
Warning (10030): Net "config_data[7][15..8]" at wm8731_config.v(24) has no driver or initial value, using a default initial value '0' File: D:/k242/Fgpa/fpga1.1/Fpga-main/Fpga-main/wm8731_config.v Line: 24
Warning (10030): Net "config_data[8][15..8]" at wm8731_config.v(24) has no driver or initial value, using a default initial value '0' File: D:/k242/Fgpa/fpga1.1/Fpga-main/Fpga-main/wm8731_config.v Line: 24
Warning (10030): Net "config_data[9][15..8]" at wm8731_config.v(24) has no driver or initial value, using a default initial value '0' File: D:/k242/Fgpa/fpga1.1/Fpga-main/Fpga-main/wm8731_config.v Line: 24
Info (12128): Elaborating entity "i2c_master" for hierarchy "wm8731_config:codec_config|i2c_master:i2c_inst" File: D:/k242/Fgpa/fpga1.1/Fpga-main/Fpga-main/wm8731_config.v Line: 93
Warning (10230): Verilog HDL assignment warning at i2c_master.v(60): truncated value with size 32 to match size of target (4) File: D:/k242/Fgpa/fpga1.1/Fpga-main/Fpga-main/i2c_master.v Line: 60
Warning (10230): Verilog HDL assignment warning at i2c_master.v(72): truncated value with size 32 to match size of target (4) File: D:/k242/Fgpa/fpga1.1/Fpga-main/Fpga-main/i2c_master.v Line: 72
Warning (10230): Verilog HDL assignment warning at i2c_master.v(84): truncated value with size 32 to match size of target (4) File: D:/k242/Fgpa/fpga1.1/Fpga-main/Fpga-main/i2c_master.v Line: 84
Warning (10230): Verilog HDL assignment warning at i2c_master.v(96): truncated value with size 32 to match size of target (4) File: D:/k242/Fgpa/fpga1.1/Fpga-main/Fpga-main/i2c_master.v Line: 96
Warning (10230): Verilog HDL assignment warning at i2c_master.v(108): truncated value with size 32 to match size of target (4) File: D:/k242/Fgpa/fpga1.1/Fpga-main/Fpga-main/i2c_master.v Line: 108
Info (12128): Elaborating entity "i2s_transmitter" for hierarchy "i2s_transmitter:i2s_tx" File: D:/k242/Fgpa/fpga1.1/Fpga-main/Fpga-main/waveform_generator.v Line: 70
Warning (10230): Verilog HDL assignment warning at i2s_transmitter.v(24): truncated value with size 32 to match size of target (6) File: D:/k242/Fgpa/fpga1.1/Fpga-main/Fpga-main/i2s_transmitter.v Line: 24
Info (12128): Elaborating entity "sine_wave_gen" for hierarchy "sine_wave_gen:sine_gen" File: D:/k242/Fgpa/fpga1.1/Fpga-main/Fpga-main/waveform_generator.v Line: 77
Warning (10030): Net "sin_lut.data_a" at sine_wave_gen.v(9) has no driver or initial value, using a default initial value '0' File: D:/k242/Fgpa/fpga1.1/Fpga-main/Fpga-main/sine_wave_gen.v Line: 9
Warning (10030): Net "sin_lut.waddr_a" at sine_wave_gen.v(9) has no driver or initial value, using a default initial value '0' File: D:/k242/Fgpa/fpga1.1/Fpga-main/Fpga-main/sine_wave_gen.v Line: 9
Warning (10030): Net "sin_lut.we_a" at sine_wave_gen.v(9) has no driver or initial value, using a default initial value '0' File: D:/k242/Fgpa/fpga1.1/Fpga-main/Fpga-main/sine_wave_gen.v Line: 9
Info (12128): Elaborating entity "square_wave_gen" for hierarchy "square_wave_gen:square_gen" File: D:/k242/Fgpa/fpga1.1/Fpga-main/Fpga-main/waveform_generator.v Line: 85
Warning (10030): Net "square_lut10.data_a" at square_wave_gen.v(10) has no driver or initial value, using a default initial value '0' File: D:/k242/Fgpa/fpga1.1/Fpga-main/Fpga-main/square_wave_gen.v Line: 10
Warning (10030): Net "square_lut10.waddr_a" at square_wave_gen.v(10) has no driver or initial value, using a default initial value '0' File: D:/k242/Fgpa/fpga1.1/Fpga-main/Fpga-main/square_wave_gen.v Line: 10
Warning (10030): Net "square_lut25.data_a" at square_wave_gen.v(11) has no driver or initial value, using a default initial value '0' File: D:/k242/Fgpa/fpga1.1/Fpga-main/Fpga-main/square_wave_gen.v Line: 11
Warning (10030): Net "square_lut25.waddr_a" at square_wave_gen.v(11) has no driver or initial value, using a default initial value '0' File: D:/k242/Fgpa/fpga1.1/Fpga-main/Fpga-main/square_wave_gen.v Line: 11
Warning (10030): Net "square_lut50.data_a" at square_wave_gen.v(12) has no driver or initial value, using a default initial value '0' File: D:/k242/Fgpa/fpga1.1/Fpga-main/Fpga-main/square_wave_gen.v Line: 12
Warning (10030): Net "square_lut50.waddr_a" at square_wave_gen.v(12) has no driver or initial value, using a default initial value '0' File: D:/k242/Fgpa/fpga1.1/Fpga-main/Fpga-main/square_wave_gen.v Line: 12
Warning (10030): Net "square_lut10.we_a" at square_wave_gen.v(10) has no driver or initial value, using a default initial value '0' File: D:/k242/Fgpa/fpga1.1/Fpga-main/Fpga-main/square_wave_gen.v Line: 10
Warning (10030): Net "square_lut25.we_a" at square_wave_gen.v(11) has no driver or initial value, using a default initial value '0' File: D:/k242/Fgpa/fpga1.1/Fpga-main/Fpga-main/square_wave_gen.v Line: 11
Warning (10030): Net "square_lut50.we_a" at square_wave_gen.v(12) has no driver or initial value, using a default initial value '0' File: D:/k242/Fgpa/fpga1.1/Fpga-main/Fpga-main/square_wave_gen.v Line: 12
Info (12128): Elaborating entity "triangle_wave_gen" for hierarchy "triangle_wave_gen:triangle_gen" File: D:/k242/Fgpa/fpga1.1/Fpga-main/Fpga-main/waveform_generator.v Line: 92
Warning (10030): Net "triangle_lut.data_a" at triangle_wave_gen.v(8) has no driver or initial value, using a default initial value '0' File: D:/k242/Fgpa/fpga1.1/Fpga-main/Fpga-main/triangle_wave_gen.v Line: 8
Warning (10030): Net "triangle_lut.waddr_a" at triangle_wave_gen.v(8) has no driver or initial value, using a default initial value '0' File: D:/k242/Fgpa/fpga1.1/Fpga-main/Fpga-main/triangle_wave_gen.v Line: 8
Warning (10030): Net "triangle_lut.we_a" at triangle_wave_gen.v(8) has no driver or initial value, using a default initial value '0' File: D:/k242/Fgpa/fpga1.1/Fpga-main/Fpga-main/triangle_wave_gen.v Line: 8
Info (12128): Elaborating entity "ecg_wave_gen" for hierarchy "ecg_wave_gen:ecg_gen" File: D:/k242/Fgpa/fpga1.1/Fpga-main/Fpga-main/waveform_generator.v Line: 99
Warning (10030): Net "ecg_lut.data_a" at ecg_wave_gen.v(9) has no driver or initial value, using a default initial value '0' File: D:/k242/Fgpa/fpga1.1/Fpga-main/Fpga-main/ecg_wave_gen.v Line: 9
Warning (10030): Net "ecg_lut.waddr_a" at ecg_wave_gen.v(9) has no driver or initial value, using a default initial value '0' File: D:/k242/Fgpa/fpga1.1/Fpga-main/Fpga-main/ecg_wave_gen.v Line: 9
Warning (10030): Net "ecg_lut.we_a" at ecg_wave_gen.v(9) has no driver or initial value, using a default initial value '0' File: D:/k242/Fgpa/fpga1.1/Fpga-main/Fpga-main/ecg_wave_gen.v Line: 9
Info (12128): Elaborating entity "sawtooth_wave_gen" for hierarchy "sawtooth_wave_gen:sawtooth_gen" File: D:/k242/Fgpa/fpga1.1/Fpga-main/Fpga-main/waveform_generator.v Line: 107
Info (12128): Elaborating entity "control" for hierarchy "control:control_unit" File: D:/k242/Fgpa/fpga1.1/Fpga-main/Fpga-main/waveform_generator.v Line: 118
Warning (10240): Verilog HDL Always Construct warning at control.v(21): inferring latch(es) for variable "base_phase_step", which holds its previous value in one or more paths through the always construct File: D:/k242/Fgpa/fpga1.1/Fpga-main/Fpga-main/control.v Line: 21
Info (10041): Inferred latch for "base_phase_step[0]" at control.v(21) File: D:/k242/Fgpa/fpga1.1/Fpga-main/Fpga-main/control.v Line: 21
Info (10041): Inferred latch for "base_phase_step[1]" at control.v(21) File: D:/k242/Fgpa/fpga1.1/Fpga-main/Fpga-main/control.v Line: 21
Info (10041): Inferred latch for "base_phase_step[2]" at control.v(21) File: D:/k242/Fgpa/fpga1.1/Fpga-main/Fpga-main/control.v Line: 21
Info (12128): Elaborating entity "noise_injection" for hierarchy "noise_injection:noise_gen" File: D:/k242/Fgpa/fpga1.1/Fpga-main/Fpga-main/waveform_generator.v Line: 142
Warning (10030): Net "noise_lut.data_a" at noise_injection.v(12) has no driver or initial value, using a default initial value '0' File: D:/k242/Fgpa/fpga1.1/Fpga-main/Fpga-main/noise_injection.v Line: 12
Warning (10030): Net "noise_lut.waddr_a" at noise_injection.v(12) has no driver or initial value, using a default initial value '0' File: D:/k242/Fgpa/fpga1.1/Fpga-main/Fpga-main/noise_injection.v Line: 12
Warning (10030): Net "noise_lut.we_a" at noise_injection.v(12) has no driver or initial value, using a default initial value '0' File: D:/k242/Fgpa/fpga1.1/Fpga-main/Fpga-main/noise_injection.v Line: 12
Warning (12011): Net is missing source, defaulting to GND
    Warning (12110): Net "audio_data" is missing source, defaulting to GND File: D:/k242/Fgpa/fpga1.1/Fpga-main/Fpga-main/waveform_generator.v Line: 59
Warning (12011): Net is missing source, defaulting to GND
    Warning (12110): Net "audio_data" is missing source, defaulting to GND File: D:/k242/Fgpa/fpga1.1/Fpga-main/Fpga-main/waveform_generator.v Line: 59
Warning (12011): Net is missing source, defaulting to GND
    Warning (12110): Net "audio_data" is missing source, defaulting to GND File: D:/k242/Fgpa/fpga1.1/Fpga-main/Fpga-main/waveform_generator.v Line: 59
Warning (12011): Net is missing source, defaulting to GND
    Warning (12110): Net "audio_data" is missing source, defaulting to GND File: D:/k242/Fgpa/fpga1.1/Fpga-main/Fpga-main/waveform_generator.v Line: 59
Warning (12241): 2 hierarchies have connectivity warnings - see the Connectivity Checks report folder
Info (144001): Generated suppressed messages file D:/k242/Fgpa/fpga1.1/Fpga-main/Fpga-main/output_files/waveform_generator.map.smsg
Info: Quartus Prime Analysis & Elaboration was successful. 0 errors, 64 warnings
    Info: Peak virtual memory: 4807 megabytes
    Info: Processing ended: Sun Apr 13 15:03:27 2025
    Info: Elapsed time: 00:00:10
    Info: Total CPU time (on all processors): 00:00:23


+--------------------------------------------+
; Analysis & Elaboration Suppressed Messages ;
+--------------------------------------------+
The suppressed messages can be found in D:/k242/Fgpa/fpga1.1/Fpga-main/Fpga-main/output_files/waveform_generator.map.smsg.


